  icode   ic inum1 inum2 inum3   subed  recmonps reccnstps  flow(m^3)   sed(t)      orgn(kg)    orgp(kg)    nitrate(kg) sol.p(kg)   sol.pst(mg) sor.pst(mg)
       1        1        1        0        0        0                         0.2988E+09  0.2214E+07  0.2866E+07  0.1149E+07  0.7328E+06  0.4440E+04  0.0000E+00  0.0000E+00
       1        2        2        0        0        0                         0.8989E+08  0.1829E+07  0.1393E+07  0.5677E+06  0.1776E+06  0.1156E+04  0.0000E+00  0.0000E+00
       1        3        3        0        0        0                         0.2805E+09  0.4113E+07  0.3727E+07  0.1565E+07  0.5389E+06  0.4266E+04  0.0000E+00  0.0000E+00
       1        4        4        0        0        0                         0.2032E+09  0.2245E+07  0.2236E+07  0.9050E+06  0.4628E+06  0.3048E+04  0.0000E+00  0.0000E+00
       1        5        5        0        0        0                         0.8628E+09  0.5995E+07  0.9596E+07  0.3806E+07  0.1348E+07  0.1494E+05  0.0000E+00  0.0000E+00
       1        6        6        0        0        0                         0.3986E+09  0.6209E+07  0.5753E+07  0.2361E+07  0.2758E+06  0.7080E+04  0.0000E+00  0.0000E+00
       1        7        7        0        0        0                         0.6844E+09  0.2611E+07  0.5394E+07  0.2161E+07  0.1790E+07  0.1089E+05  0.0000E+00  0.0000E+00
       1        8        8        0        0        0                         0.1454E+10  0.2136E+08  0.2127E+08  0.8245E+07  0.3053E+07  0.1938E+05  0.0000E+00  0.0000E+00
       1        9        9        0        0        0                         0.9565E+09  0.6576E+07  0.1002E+08  0.4153E+07  0.1658E+07  0.1721E+05  0.0000E+00  0.0000E+00
       1       10       10        0        0        0                         0.5307E+09  0.8393E+07  0.8577E+07  0.3389E+07  0.1208E+07  0.7675E+04  0.0000E+00  0.0000E+00
       1       11       11        0        0        0                         0.2365E+10  0.1355E+08  0.1736E+08  0.6846E+07  0.4097E+07  0.3281E+05  0.0000E+00  0.0000E+00
       1       12       12        0        0        0                         0.1341E+10  0.2957E+07  0.8666E+07  0.3108E+07  0.1408E+07  0.2575E+05  0.0000E+00  0.0000E+00
       1       13       13        0        0        0                         0.2039E+10  0.9190E+07  0.1296E+08  0.5063E+07  0.4237E+07  0.2479E+05  0.0000E+00  0.0000E+00
       1       14       14        0        0        0                         0.3774E+10  0.1134E+08  0.2509E+08  0.9427E+07  0.7948E+07  0.6257E+05  0.0000E+00  0.0000E+00
       1       15       15        0        0        0                         0.4750E+09  0.1775E+07  0.2427E+07  0.9573E+06  0.9558E+06  0.6528E+04  0.0000E+00  0.0000E+00
       1       16       16        0        0        0                         0.1032E+10  0.2526E+07  0.4415E+07  0.1888E+07  0.2013E+07  0.1841E+05  0.0000E+00  0.0000E+00
       1       17       17        0        0        0                         0.1822E+10  0.3481E+07  0.8573E+07  0.3326E+07  0.3741E+07  0.2816E+05  0.0000E+00  0.0000E+00
       1       18       18        0        0        0                         0.1404E+10  0.1865E+07  0.4942E+07  0.2165E+07  0.3416E+07  0.2780E+05  0.0000E+00  0.0000E+00
       1       19       19        0        0        0                         0.1767E+10  0.7011E+07  0.1035E+08  0.3946E+07  0.3877E+07  0.2601E+05  0.0000E+00  0.0000E+00
       1       20       20        0        0        0                         0.1488E+10  0.5857E+07  0.8917E+07  0.3416E+07  0.3423E+07  0.1947E+05  0.0000E+00  0.0000E+00
       2       21        1        1        1        0                         0.2970E+09  0.2214E+07  0.2857E+07  0.1144E+07  0.7304E+06  0.7544E+04  0.0000E+00  0.0000E+00
       5       22        4       21        0        0                         0.5001E+09  0.4458E+07  0.5093E+07  0.2049E+07  0.1193E+07  0.1059E+05  0.0000E+00  0.0000E+00
       2       23        4       22        4        0                         0.4799E+09  0.1062E+06  0.4902E+07  0.1940E+07  0.1157E+07  0.3079E+05  0.0000E+00  0.0000E+00
       5       24        3       23        0        0                         0.7604E+09  0.4220E+07  0.8629E+07  0.3505E+07  0.1696E+07  0.3506E+05  0.0000E+00  0.0000E+00
       2       25        5        5        5        0                         0.8058E+09  0.5995E+07  0.8852E+07  0.3378E+07  0.1261E+07  0.4397E+05  0.0000E+00  0.0000E+00
       5       26       24       25        0        0                         0.1566E+10  0.1021E+08  0.1748E+08  0.6883E+07  0.2957E+07  0.7903E+05  0.0000E+00  0.0000E+00
       2       27        6        6        6        0                         0.3712E+09  0.6209E+07  0.5420E+07  0.2163E+07  0.2577E+06  0.2088E+05  0.0000E+00  0.0000E+00
       5       28       26       27        0        0                         0.1937E+10  0.1642E+08  0.2290E+08  0.9046E+07  0.3215E+07  0.9991E+05  0.0000E+00  0.0000E+00
       2       29        9        9        9        0                         0.8934E+09  0.6576E+07  0.8855E+07  0.3461E+07  0.1579E+07  0.5079E+05  0.0000E+00  0.0000E+00
       5       30        7       29        0        0                         0.1578E+10  0.9188E+07  0.1425E+08  0.5622E+07  0.3369E+07  0.6168E+05  0.0000E+00  0.0000E+00
       2       31       11       11       11        0                         0.2329E+10  0.1355E+08  0.1679E+08  0.6511E+07  0.4015E+07  0.9746E+05  0.0000E+00  0.0000E+00
       5       32       10       31        0        0                         0.2860E+10  0.2195E+08  0.2537E+08  0.9900E+07  0.5223E+07  0.1051E+06  0.0000E+00  0.0000E+00
       2       33       12       12       12        0                         0.1331E+10  0.2957E+07  0.8478E+07  0.3006E+07  0.1397E+07  0.6791E+05  0.0000E+00  0.0000E+00
       5       34       32       33        0        0                         0.4191E+10  0.2490E+08  0.3385E+08  0.1291E+08  0.6620E+07  0.1730E+06  0.0000E+00  0.0000E+00
       2       35       14       14       14        0                         0.3644E+10  0.1134E+08  0.2188E+08  0.7634E+07  0.7625E+07  0.1860E+06  0.0000E+00  0.0000E+00
       5       36       13       35        0        0                         0.5684E+10  0.2053E+08  0.3485E+08  0.1270E+08  0.1186E+08  0.2108E+06  0.0000E+00  0.0000E+00
       2       37       16       16       16        0                         0.1022E+10  0.2526E+07  0.4321E+07  0.1828E+07  0.1988E+07  0.4416E+05  0.0000E+00  0.0000E+00
       5       38       15       37        0        0                         0.1497E+10  0.4301E+07  0.6749E+07  0.2785E+07  0.2944E+07  0.5069E+05  0.0000E+00  0.0000E+00
       2       39       17       17       17        0                         0.1801E+10  0.3481E+07  0.8316E+07  0.3177E+07  0.3698E+07  0.7929E+05  0.0000E+00  0.0000E+00
       5       40       38       39        0        0                         0.3298E+10  0.7782E+07  0.1506E+08  0.5963E+07  0.6642E+07  0.1300E+06  0.0000E+00  0.0000E+00
       2       41       15       40       15        0                         0.3264E+10  0.4198E+06  0.1427E+08  0.5494E+07  0.6546E+07  0.3550E+06  0.0000E+00  0.0000E+00
       5       42       36       41        0        0                         0.8947E+10  0.2095E+08  0.4912E+08  0.1819E+08  0.1841E+08  0.5658E+06  0.0000E+00  0.0000E+00
       2       43       19       19       19        0                         0.1742E+10  0.7011E+07  0.1009E+08  0.3800E+07  0.3824E+07  0.7260E+05  0.0000E+00  0.0000E+00
       5       44       18       43        0        0                         0.3145E+10  0.8876E+07  0.1504E+08  0.5965E+07  0.7239E+07  0.1004E+06  0.0000E+00  0.0000E+00
       2       45       20       20       20        0                         0.1458E+10  0.5857E+07  0.8555E+07  0.3211E+07  0.3358E+07  0.5726E+05  0.0000E+00  0.0000E+00
       5       46       44       45        0        0                         0.4604E+10  0.1473E+08  0.2359E+08  0.9176E+07  0.1060E+08  0.1577E+06  0.0000E+00  0.0000E+00
       2       47       18       46       18        0                         0.4494E+10  0.8602E+06  0.2181E+08  0.8149E+07  0.1030E+08  0.4572E+06  0.0000E+00  0.0000E+00
       5       48       42       47        0        0                         0.1344E+11  0.2181E+08  0.7093E+08  0.2634E+08  0.2871E+08  0.1023E+07  0.0000E+00  0.0000E+00
       2       49       13       48       13        0                         0.1333E+11  0.2102E+07  0.6682E+08  0.2406E+08  0.2839E+08  0.2399E+07  0.0000E+00  0.0000E+00
       5       50       34       49        0        0                         0.1752E+11  0.2701E+08  0.1007E+09  0.3697E+08  0.3501E+08  0.2572E+07  0.0000E+00  0.0000E+00
       2       51       10       50       10        0                         0.1734E+11  0.3309E+07  0.9346E+08  0.3305E+08  0.3442E+08  0.5293E+07  0.0000E+00  0.0000E+00
       5       52        8       51        0        0                         0.1879E+11  0.2467E+08  0.1147E+09  0.4130E+08  0.3747E+08  0.5312E+07  0.0000E+00  0.0000E+00
       2       53        8       52        8        0                         0.1857E+11  0.4118E+07  0.1067E+09  0.3708E+08  0.3676E+08  0.8234E+07  0.0000E+00  0.0000E+00
       5       54       30       53        0        0                         0.2015E+11  0.1331E+08  0.1210E+09  0.4270E+08  0.4013E+08  0.8296E+07  0.0000E+00  0.0000E+00
       2       55        7       54        7        0                         0.2004E+11  0.3159E+07  0.1159E+09  0.4006E+08  0.3995E+08  0.1028E+08  0.0000E+00  0.0000E+00
       5       56       28       55        0        0                         0.2197E+11  0.1958E+08  0.1388E+09  0.4911E+08  0.4317E+08  0.1038E+08  0.0000E+00  0.0000E+00
       2       57        3       56        3        0                         0.2186E+11  0.3948E+07  0.1340E+09  0.4668E+08  0.4301E+08  0.1228E+08  0.0000E+00  0.0000E+00
       5       58        2       57        0        0                         0.2195E+11  0.5777E+07  0.1354E+09  0.4724E+08  0.4319E+08  0.1228E+08  0.0000E+00  0.0000E+00
       2       59        2       58        2        0                         0.2186E+11  0.4789E+07  0.1320E+09  0.4558E+08  0.4307E+08  0.1362E+08  0.0000E+00  0.0000E+00
      14       59        1        0        0        0                         0.2186E+11  0.4789E+07  0.1320E+09  0.4558E+08  0.4307E+08  0.1362E+08  0.0000E+00  0.0000E+00
